<?xml version="1.0" encoding="UTF-8"?>
<testsuite name="com.kdrtut.runner.RunCukeTest" tests="0" skipped="0" failures="0" errors="0" timestamp="1970-01-01T00:00:00" hostname="Ks-MacBook-Pro" time="0.0">
  <properties/>
  <system-out><![CDATA[
Pending scenarios:
file:///Users/khadeer/IdeaProjects/restassuredtut/src/test/resources/features/sample-test.feature:3# Verify Successful Service Call

1 Scenarios (1 pending)
2 Steps (1 skipped, 1 pending)
0m0.073s


io.cucumber.java.PendingException: TODO: implement me
	at com.kdrtut.stepdefs.StepdefsIntegration.service_call_is_made(StepdefsIntegration.java:11)
	at ✽."GET" service call is made(file:///Users/khadeer/IdeaProjects/restassuredtut/src/test/resources/features/sample-test.feature:4)


]]></system-out>
  <system-err><![CDATA[]]></system-err>
</testsuite>
